                                                      * * * 输 入 和 初 始 化 信 息 * * *                      Date: 2014-10-27

ENTERING ROUTINE SWINGM
     PSD-BPA暂态稳定程序
     版本号  : 4.15.7RM
     编译时间: 2010-10-12
CASE LF510      1     1     1
---- ----------    -    --------- --------
     INEWTS = 1--NETWORK SOLUTION USES THE Y MATRIX.
ENTERING ROUTINE TAPEWK
*** WARNING   CASE卡29列非零，潮流中节点有功出力不为0，稳定中没有找到对应的有效数据（发电机、LN），作为负荷处理（等效于LN卡）。
  POWER FLOW CASE ( LF510      ) IS BEING PROCESSED.
ENTERING ROUTINE INPUT1
  SWING CASE lf510      EXECUTED ON 2014-10-27 USING VERSION 4.15.7RM
  40000 BUS POWER FLOW CASE(LF510     ) EXECUTED ON 2014-10-27
INPUT DATA CARDS
FLT 1A                         32               220.220
FLT 1P                         32               220.220
FLT 1D                         32               220.220
FLT 1N                         32               220.220
FLT 1O                         32               220.220
FLT 2D                         32               220.220
FLT 2E                         32               220.220
FLT 2F                         32               220.220
FLT 2G                         32               220.220
FLT 2H                         32               220.220
FLT 2I                         32               220.220
FLT 2K                         32               220.220
FLT 2J                         32               220.220
FLT 2L                         32               220.220
FLT 2M                         32               220.220
FLT 2N                         32               220.220
FLT 1A                         32               500.500
FLT 1P                         32               500.500
FLT 1D                         32               500.500
FLT 1N                         32               500.500
FLT 1O                         32               500.500
FLT 2D                         32               500.500
FLT 2E                         32               500.500
FLT 2F                         32               500.500
FLT 2G                         32               500.500
FLT 2H                         32               500.500
FLT 2I                         32               500.500
FLT 2K                         32               500.500
FLT 2J                         32               500.500
FLT 2L                         32               500.500
FLT 2M                         32               500.500
FLT 2N                         32               500.500
                        ***********************************************
                                             SORTED LS CARDS
*** WARNING   ML 吉北正0  35.     2. .50116     .02  .1834991  .02  .12         .85         S1
*** WARNING   该卡中节点的负荷等于0或者小于0，忽略此ML卡。
*** WARNING   ML 吉那木1  35.     2. .50116     .02  .1834991  .02  .12         .85         S1
*** WARNING   该卡中节点的负荷等于0或者小于0，忽略此ML卡。
*** WARNING   ML 吉双龙1  35.     2. .50116     .02  .1834991  .02  .12         .85         S1
*** WARNING   该卡中节点的负荷等于0或者小于0，忽略此ML卡。
*** WARNING   ML 吉王子0  35.     2. .50116     .02  .1834991  .02  .12         .85         S1
*** WARNING   该卡中节点的负荷等于0或者小于0，忽略此ML卡。
*** WARNING   ML 吉王子1  35.     2. .50116     .02  .1834991  .02  .12         .85         S1
*** WARNING   该卡中节点的负荷等于0或者小于0，忽略此ML卡。
*** WARNING   ML 吉王子2  35.     2. .50116     .02  .1834991  .02  .12         .85         S1
*** WARNING   该卡中节点的负荷等于0或者小于0，忽略此ML卡。
*** WARNING   ML 吉鑫丰0  35.     2. .50116     .02  .1834991  .02  .12         .85         S1
*** WARNING   该卡中节点的负荷等于0或者小于0，忽略此ML卡。
*** WARNING   ML 吉鑫丰1  35.     2. .50116     .02  .1834991  .02  .12         .85         S1
*** WARNING   该卡中节点的负荷等于0或者小于0，忽略此ML卡。
*** WARNING   ML 吉鑫丰2  35.     2. .50116     .02  .1834991  .02  .12         .85         S1
*** WARNING   该卡中节点的负荷等于0或者小于0，忽略此ML卡。
*** WARNING   ML 吉秀水0  35.     2. .50116     .02  .1834991  .02  .12         .85         S1
*** WARNING   该卡中节点的负荷等于0或者小于0，忽略此ML卡。


F1                           .7
*** WARNING        PROGRAM WILL FILTER BUS FREQUENCY USING A TIME CONSTANT OF .0100 SECONDS.
FF       .5 20.            .001   0 .001                 1     3   1
ILIM       =         25
TOLI       =  0.0010000
START TIME =       0.00
DELTA TIME =       0.50
END   TIME =      20.00
DELANG     =  0.0000175
DCITOL     =  8.0000000
DMPMLT     =  1.0000000
DTC        =  0.5000000
ISTP       =         15
BASE HZ    =      50.00
ENTERING ROUTINE INPUT1
SUBROUTINE INPUT1 HAS BEEN PROCESSED.
ENTERING ROUTINE INPUT2
*** WARNING   稳定数据中的零序数据XO\XR\LO\LO+\LM，如果潮流没有对应支路或节点，将自动删除。（DEBUG卡49列填1可显示详细提示信息）
ENTERING ROUTINE LODINP
ENTERING ROUTINE ZNOINP
SUBROUTINE INPUT2 HAS BEEN PROCESSED.
ENTERING ROUTINE INPUT3
SUBROUTINE INPUT3

*** WARNING   稳定数据中的发电机、马达，如果潮流中有功出力为0或不存在，将自动删除。（DEBUG卡48列填1可显示详细提示信息）
*** WARNING   发电机"俄等值50 500.0 "是无穷大节点。
*** WARNING   发电机"华北等0  500.0 "是无穷大节点。
SUBROUTINE INPUT3 HAS BEEN PROCESSED.
*** WARNING   5
*** WARNING   程序不能识别此数据卡，该卡的填写位置可能不正确。
ENTERING ROUTINE INITL1
ENTERING ROUTINE COMBINE_AND_MODIFY_FAULT
SUBROUTINE INITL1 HAS BEEN PROCESSED.
ENTERING ROUTINE INITL2
ENTERING ROUTINE DCINP
SUBROUTINE DCINP
ENTERING ROUTINE DCINP_NEW_MODEL
SUBROUTINE DCINP_NEW_MODEL
ENTERING ROUTINE FORM_NEG_NETWORK_MATRIX
ENTERING ROUTINE FORM_ZERO_NETWORK_MATRIX
SUBROUTINE I N I T L 2 HAS BEEN PROCESSED

ENTERING ROUTINE INITL3
*** WARNING   潮流中节点"蒙东大A    0.3"部分有功无功出力缺省作为负荷处理。
SUBROUTINE INITL3 HAS BEEN PROCESSED.
ENTERING ROUTINE INITL4
ENTERING ROUTINE LSCHK
ENTERING ROUTINE REDUCE


SWING CASE: lf510      POWERFLOW CASE: LF510               * * *  短 路 电 流 计 算  * * *                     Date: 2014-10-27


*  分区"1A"中有  16个节点需要计算三相短路电流，具体结果如下：

   节点名称               短路电流     短路电流     短路容量     短路点等值电阻     短路点等值电抗
                            (pu)         (kA)         (MVA)           (pu)               (pu)
   辽绥中22  220.00       20.58788      5.40292      2058.79       0.0006493          0.0516356
   辽华山22  220.00       28.41804      7.45780      2841.80       0.0115637          0.0361460
   辽南票22  220.00       67.09947     17.60905      6709.95       0.0024596          0.0158663
   辽沙河0   220.00      115.15015     30.21908     11515.02       0.0013820          0.0092266
   辽岭南22  220.00       25.78517      6.76685      2578.52       0.0080089          0.0412929
   辽东辛庄  220.00       37.15075      9.74954      3715.07       0.0055367          0.0286064
   辽葫芦岛  220.00       76.76765     20.14628      7676.76       0.0023523          0.0137865
   辽绥中变  220.00       40.00383     10.49828      4000.38       0.0052765          0.0265281
   辽锦西22  220.00      100.40977     26.35073     10040.98       0.0017637          0.0105460
   辽兴城22  220.00       70.13403     18.40541      7013.40       0.0026026          0.0151034
   辽团山22  220.00       86.27846     22.64222      8627.85       0.0020389          0.0122750
   辽暖东变  220.00       72.56202     19.04259      7256.20       0.0023776          0.0146589
   辽马道岭  220.00       38.85994     10.19809      3885.99       0.0053728          0.0272832
   辽杨杖子  220.00       78.95326     20.71986      7895.33       0.0022532          0.0134606
   辽建昌22  220.00       40.16831     10.54145      4016.83       0.0053497          0.0262924
   辽沙河营  220.00      115.64655     30.34935     11564.65       0.0013882          0.0091851

*  分区"1P"中有  42个节点需要计算三相短路电流，具体结果如下：

   节点名称               短路电流     短路电流     短路容量     短路点等值电阻     短路点等值电抗
                            (pu)         (kA)         (MVA)           (pu)               (pu)
   辽于洪22  220.00       64.60555     16.95456      6460.55       0.0024025          0.0158116
   辽于洪20  220.00       37.59084      9.86504      3759.08       0.0021999          0.0276022
   辽沙岭20  220.00       52.37294     13.74433      5237.29       0.0007126          0.0198934
   辽太原街  220.00       24.90432      6.53569      2490.43       0.0099779          0.0404296
   辽太原0   220.00       71.12045     18.66428      7112.05       0.0028848          0.0142442
   辽苏家屯  220.00       71.32722     18.71854      7132.72       0.0020526          0.0144314
   辽顺城22  220.00       78.14045     20.50655      7814.04       0.0019786          0.0131853
   辽沈新立  220.00      108.23081     28.40322     10823.08       0.0010709          0.0095032
   辽沈西热  220.00       93.25926     24.47421      9325.93       0.0012766          0.0110615
   辽东胜22  220.00       98.43848     25.83340      9843.85       0.0012169          0.0104693
   辽劝工22  220.00       68.02004     17.85063      6802.00       0.0023955          0.0151670
   辽龙康风  220.00       31.76692      8.33665      3176.69       0.0043365          0.0331548
   辽六零六  220.00      109.26555     28.67477     10926.55       0.0015054          0.0094000
   辽空港22  220.00       41.14454     10.79764      4114.45       0.0040025          0.0247183
   辽辉山22  220.00       63.14613     16.57156      6314.61       0.0025656          0.0163877
   辽佟二堡  220.00       75.10107     19.70892      7510.11       0.0035223          0.0134083
   辽东窑22  220.00       81.37312     21.35491      8137.31       0.0015388          0.0128237
   辽文华22  220.00       33.98472      8.91868      3398.47       0.0056303          0.0306317
   辽瓷都22  220.00       69.71311     18.29495      6971.31       0.0020827          0.0150165
   辽大城22  220.00       78.30968     20.55096      7830.97       0.0018827          0.0132086
   辽繁荣22  220.00       80.62543     21.15869      8062.54       0.0018162          0.0128240
   辽沈海22  220.00       83.59909     21.93907      8359.91       0.0017872          0.0123354
   辽宁官22  220.00      112.17413     29.43808     11217.41       0.0010396          0.0091779
   辽文成22  220.00       78.66951     20.64539      7866.95       0.0018454          0.0130611
   辽浑河22  220.00      108.31508     28.42534     10831.51       0.0012544          0.0094660
   辽高台山  220.00       52.63789     13.81386      5263.79       0.0028578          0.0196386
   辽新城22  220.00       97.72948     25.64734      9772.95       0.0012727          0.0106995
   辽新城20  220.00       97.68678     25.63613      9768.68       0.0012740          0.0107041
   辽孙家22  220.00      113.91607     29.89522     11391.61       0.0010675          0.0090316
   辽沙岭2D  220.00      127.14879     33.36790     12714.88       0.0008067          0.0081003
   辽沙岭1D  220.00      126.97410     33.32206     12697.41       0.0008073          0.0081104
   辽沙岭22  220.00      127.64130     33.49716     12764.13       0.0008109          0.0080679
   辽平安22  220.00       76.29234     20.02155      7629.23       0.0016635          0.0135130
   辽韩屯22  220.00      108.24644     28.40732     10824.64       0.0013653          0.0095400
   辽辽中0   220.00      117.17821     30.75130     11717.82       0.0010293          0.0087819
   辽张官22  220.00       99.77039     26.18294      9977.04       0.0015457          0.0102614
   辽法库22  220.00       84.15865     22.08592      8415.87       0.0017070          0.0124446
   辽祁家22  220.00      121.52886     31.89306     12152.89       0.0012653          0.0084640
   辽沈东20  220.00      151.90950     39.86591     15190.95       0.0007820          0.0068032
   辽沈东22  220.00      151.99358     39.88797     15199.36       0.0007816          0.0067990
   辽虎石台  220.00      131.78810     34.58541     13178.81       0.0011304          0.0078248
   辽蒲河22  220.00      144.90738     38.02832     14490.74       0.0008040          0.0072030

*  分区"1D"中有  29个节点需要计算三相短路电流，具体结果如下：

   节点名称               短路电流     短路电流     短路容量     短路点等值电阻     短路点等值电抗
                            (pu)         (kA)         (MVA)           (pu)               (pu)
   辽新开20  220.00       38.91492     10.21252      3891.49       0.0040614          0.0257570
   辽甘泉变  220.00       99.33742     26.06931      9933.74       0.0016958          0.0104078
   temp21    220.00      162.74251     42.70883     16274.25       0.0011884          0.0063103
   辽鞍钢二  220.00      136.72905     35.88207     13672.91       0.0014331          0.0075304
   辽红旗堡  220.00      163.34541     42.86705     16334.54       0.0012038          0.0062856
   辽岫岩22  220.00       30.10677      7.90098      3010.68       0.0065597          0.0329928
   辽中心22  220.00       97.53339     25.59588      9753.34       0.0022679          0.0104064
   辽樱桃22  220.00      112.91790     29.63326     11291.79       0.0019171          0.0090055
   辽英落22  220.00       67.83426     17.80188      6783.43       0.0033212          0.0150363
   辽代家22  220.00       89.15889     23.39814      8915.89       0.0020689          0.0115468
   辽新开22  220.00       35.69646      9.36789      3569.65       0.0062219          0.0288136
   辽魏家22  220.00       97.66837     25.63130      9766.84       0.0022725          0.0103858
   辽王铁22  220.00       80.40877     21.10183      8040.88       0.0025138          0.0125778
   辽王石2D  220.00      138.98921     36.47521     13898.92       0.0011954          0.0074475
   辽王石1D  220.00      138.98920     36.47520     13898.92       0.0011952          0.0074464
   辽马风22  220.00       94.69955     24.85219      9469.96       0.0016017          0.0109590
   辽龙王22  220.00       39.67147     10.41106      3967.15       0.0038118          0.0261287
   辽黄沙22  220.00       33.40414      8.76631      3340.41       0.0064407          0.0308738
   辽崔家22  220.00      106.81026     28.03042     10681.03       0.0019798          0.0095438
   辽鞍山3D  220.00      172.70865     45.32427     17270.87       0.0011161          0.0059520
   辽鞍山1D  220.00      172.70984     45.32458     17270.98       0.0011161          0.0059520
   辽城昂22  220.00      165.26891     43.37184     16526.89       0.0011884          0.0062103
   辽前杠22  220.00      133.83151     35.12167     13383.15       0.0014908          0.0076369
   辽牛庄22  220.00       94.33516     24.75656      9433.52       0.0021403          0.0106918
   辽宁远22  220.00      134.88646     35.39851     13488.65       0.0015834          0.0075487
   辽海城22  220.00       99.52026     26.11730      9952.03       0.0019832          0.0102012
   辽王石22  220.00      139.77525     36.68149     13977.53       0.0012019          0.0074019
   辽东鞍山  220.00      136.00417     35.69184     13600.42       0.0015920          0.0074825
   辽鞍山22  220.00      174.41232     45.77136     17441.23       0.0011216          0.0058898

*  分区"1N"中有  26个节点需要计算三相短路电流，具体结果如下：

   节点名称               短路电流     短路电流     短路容量     短路点等值电阻     短路点等值电抗
                            (pu)         (kA)         (MVA)           (pu)               (pu)
   吉鑫丰风  220.00       11.75702      3.08542      1175.70       0.0193288          0.0894376
   吉秀水风  220.00       41.17041     10.80443      4117.04       0.0035418          0.0258830
   吉黎明22  220.00       50.76667     13.32280      5076.67       0.0029314          0.0209814
   吉四平热  220.00       47.38266     12.43472      4738.27       0.0034026          0.0222975
   吉四平电  220.00       53.64388     14.07787      5364.39       0.0027977          0.0197360
   吉山门风  220.00       25.50475      6.69326      2550.47       0.0066210          0.0414994
   吉那木斯  220.00       17.40996      4.56893      1741.00       0.0122051          0.0606025
   吉那木0   220.00       20.36457      5.34431      2036.46       0.0093839          0.0519258
   吉辽源热  220.00       56.06542     14.71336      5606.54       0.0028352          0.0191075
   吉双辽变  220.00       21.30493      5.59109      2130.49       0.0087682          0.0496407
   吉致富22  220.00       52.17910     13.69346      5217.91       0.0031639          0.0202881
   吉立业22  220.00       60.95957     15.99774      6095.96       0.0025067          0.0173635
   吉苗胜22  220.00       85.43068     22.41974      8543.07       0.0017634          0.0126393
   吉梨树2D  220.00       96.64542     25.36284      9664.54       0.0009139          0.0110940
   吉梨树1D  220.00       96.64963     25.36395      9664.96       0.0009138          0.0110930
   吉巨丰22  220.00       66.92618     17.56357      6692.62       0.0021385          0.0158641
   吉四平22  220.00       61.13827     16.04464      6113.83       0.0025234          0.0173066
   吉公主22  220.00       47.45192     12.45290      4745.19       0.0040532          0.0225761
   吉东丰3D  220.00      134.34752     35.25708     13434.75       0.0008091          0.0080856
   吉东丰2D  220.00      134.34561     35.25658     13434.56       0.0008092          0.0080857
   吉东丰1D  220.00      134.33421     35.25359     13433.42       0.0008094          0.0080864
   吉辽源22  220.00       56.55687     14.84233      5655.69       0.0027910          0.0189426
   吉永清22  220.00       51.95612     13.63495      5195.61       0.0032856          0.0205513
   吉国庆22  220.00       53.89026     14.14253      5389.03       0.0030064          0.0198728
   吉东丰22  220.00      135.35989     35.52276     13535.99       0.0008113          0.0080240
   吉梨树22  220.00       96.90867     25.43193      9690.87       0.0009171          0.0110630

*  分区"1O"中有  25个节点需要计算三相短路电流，具体结果如下：

   节点名称               短路电流     短路电流     短路容量     短路点等值电阻     短路点等值电抗
                            (pu)         (kA)         (MVA)           (pu)               (pu)
   辽金哨22  220.00       18.32896      4.81010      1832.90       0.0095153          0.0563218
   辽回龙22  220.00       19.55822      5.13270      1955.82       0.0108827          0.0526712
   辽桓仁22  220.00       28.45250      7.46684      2845.25       0.0058255          0.0363045
   吉渭源22  220.00        5.22517      1.37125       522.52       0.0016022          0.2015649
   辽小市20  220.00       53.11187     13.93825      5311.19       0.0038425          0.0191087
   辽桓仁变  220.00       30.58342      8.02607      3058.34       0.0048848          0.0337668
   辽徐家1D  220.00      153.52943     40.29103     15352.94       0.0009224          0.0066444
   辽太子22  220.00       81.07884     21.27768      8107.88       0.0020019          0.0124921
   辽赫地沟  220.00      112.32251     29.47701     11232.25       0.0012466          0.0090736
   辽太子20  220.00       76.59101     20.09993      7659.10       0.0021040          0.0130648
   辽南芬22  220.00       90.48545     23.74627      9048.55       0.0015362          0.0111329
   辽黄家堡  220.00       38.87274     10.20145      3887.27       0.0051012          0.0261458
   辽高官22  220.00       73.36050     19.25214      7336.05       0.0028638          0.0137642
   辽东风22  220.00       98.80887     25.93060      9880.89       0.0018868          0.0102309
   辽本溪22  220.00       74.01923     19.42501      7401.92       0.0026408          0.0136335
   辽程家3D  220.00      109.24396     28.66910     10924.40       0.0010651          0.0092423
   辽程家1D  220.00      109.15434     28.64559     10915.43       0.0010658          0.0092509
   辽兴安22  220.00       80.41830     21.10433      8041.83       0.0019284          0.0124730
   辽小市22  220.00       53.11469     13.93899      5311.47       0.0038452          0.0191068
   辽富家变  220.00       83.20934     21.83679      8320.93       0.0018652          0.0120335
   辽北台22  220.00       84.42368     22.15547      8442.37       0.0017781          0.0118712
   辽卧龙22  220.00      112.03291     29.40101     11203.29       0.0015191          0.0090254
   辽程家22  220.00      109.62726     28.76970     10962.73       0.0010704          0.0092095
   辽徐家22  220.00      154.62778     40.57927     15462.78       0.0009271          0.0065954
   辽草河口  220.00       51.81800     13.59870      5181.80       0.0035478          0.0196229

*  分区"2D"中有  16个节点需要计算三相短路电流，具体结果如下：

   节点名称               短路电流     短路电流     短路容量     短路点等值电阻     短路点等值电抗
                            (pu)         (kA)         (MVA)           (pu)               (pu)
   辽西丰22  220.00       16.77957      4.40350      1677.96       0.0127507          0.0622412
   辽太平风  220.00       48.86093     12.82267      4886.09       0.0036864          0.0215684
   辽三江口  220.00       20.66912      5.42424      2066.91       0.0080792          0.0510130
   辽红山风  220.00       24.76267      6.49851      2476.27       0.0076688          0.0425019
   辽调兵0   220.00       64.74465     16.99106      6474.46       0.0020200          0.0162030
   辽昌图22  220.00       50.43223     13.23503      5043.22       0.0038110          0.0207931
   辽郭家22  220.00       49.49250     12.98841      4949.25       0.0036410          0.0212915
   辽新地22  220.00       47.68864     12.51502      4768.86       0.0042009          0.0216157
   辽铁岭22  220.00       84.21561     22.10087      8421.56       0.0014272          0.0126022
   辽开原22  220.00       64.83428     17.01459      6483.43       0.0028289          0.0161619
   辽业民22  220.00       56.31523     14.77892      5631.52       0.0032520          0.0186499
   辽清河22  220.00       84.54176     22.18646      8454.18       0.0019881          0.0124198
   辽铁岭变  220.00       63.04056     16.54386      6304.06       0.0031260          0.0164240
   辽牛岗22  220.00       60.48560     15.87335      6048.56       0.0029689          0.0171687
   辽清河20  220.00       84.64765     22.21425      8464.77       0.0019888          0.0124038
   辽调兵山  220.00       80.91388     21.23439      8091.39       0.0018795          0.0129824

*  分区"2E"中有  56个节点需要计算三相短路电流，具体结果如下：

   节点名称               短路电流     短路电流     短路容量     短路点等值电阻     短路点等值电抗
                            (pu)         (kA)         (MVA)           (pu)               (pu)
   辽中华22  220.00       78.48974     20.59822      7848.97       0.0021225          0.0127640
   辽驼山风  220.00       38.98059     10.22975      3898.06       0.0040478          0.0259032
   辽松树22  220.00       34.95924      9.17442      3495.92       0.0060151          0.0283997
   辽双西22  220.00       34.97277      9.17797      3497.28       0.0051659          0.0287264
   辽石化22  220.00       79.63653     20.89917      7963.65       0.0019482          0.0125933
   辽青云22  220.00       51.07533     13.40380      5107.53       0.0037284          0.0195303
   辽青云20  220.00       51.06258     13.40045      5106.26       0.0037324          0.0195436
   辽华昌22  220.00       71.30598     18.71297      7130.60       0.0021604          0.0140958
   辽华昌20  220.00       71.28481     18.70741      7128.48       0.0021407          0.0141087
   辽海派风  220.00       33.05326      8.67423      3305.33       0.0047210          0.0305632
   辽闫店22  220.00       79.29945     20.81071      7929.95       0.0017548          0.0127639
   辽大三22  220.00       82.60750     21.67885      8260.75       0.0019025          0.0121790
   辽曹家22  220.00       58.69780     15.40418      5869.78       0.0029850          0.0170952
   辽白台子  220.00       25.90146      6.79737      2590.15       0.0061093          0.0411463
   辽吴屯20  220.00       91.08648     23.90400      9108.65       0.0016918          0.0110666
   辽大连热  220.00       70.04422     18.38184      7004.42       0.0021418          0.0145328
   辽北石洞  220.00       63.41724     16.64271      6341.72       0.0024472          0.0159723
   辽泰山22  220.00       84.13669     22.08015      8413.67       0.0017443          0.0119887
   辽振兴路  220.00       87.37589     22.93023      8737.59       0.0018082          0.0115289
   辽陆港22  220.00      103.76427     27.23106     10376.43       0.0014534          0.0097029
   辽雁水2D  220.00       91.12640     23.91448      9112.64       0.0015148          0.0110636
   辽雁水22  220.00       91.48209     24.00782      9148.21       0.0015191          0.0110195
   辽新金22  220.00       38.63634     10.13941      3863.63       0.0051013          0.0257123
   辽吴屯22  220.00       61.16588     16.05188      6116.59       0.0033908          0.0162097
   辽瓦房5   220.00      100.15741     26.28450     10015.74       0.0013039          0.0101145
   辽瓦房3   220.00      100.16454     26.28638     10016.45       0.0013037          0.0101132
   辽南关6   220.00      109.14102     28.64209     10914.10       0.0013612          0.0092220
   辽南关3   220.00      109.15342     28.64534     10915.34       0.0013614          0.0092215
   辽马场22  220.00       75.68870     19.86313      7568.87       0.0023882          0.0131747
   辽金家1D  220.00      103.54011     27.17223     10354.01       0.0016433          0.0096797
   辽淮河22  220.00       89.17847     23.40328      8917.85       0.0018380          0.0112454
   辽高城山  220.00       89.36514     23.45226      8936.51       0.0018686          0.0112150
   辽红沿河  220.00       40.95060     10.74674      4095.06       0.0039122          0.0246367
   辽复州城  220.00       79.76614     20.93318      7976.61       0.0017904          0.0126740
   辽恒力22  220.00       54.98547     14.42994      5498.55       0.0028856          0.0182690
   辽海湾22  220.00       69.90071     18.34418      6990.07       0.0023336          0.0143666
   辽大连湾  220.00       97.60223     25.61394      9760.22       0.0015106          0.0103571
   辽大连22  220.00       66.00615     17.32212      6600.61       0.0025746          0.0151898
   辽革镇22  220.00       75.85399     19.90651      7585.40       0.0021362          0.0132298
   辽范屯22  220.00       47.01484     12.33819      4701.48       0.0037503          0.0213055
   辽长山22  220.00       50.98134     13.37913      5098.13       0.0034051          0.0196529
   辽桥东22  220.00       68.27188     17.91672      6827.19       0.0025816          0.0146675
   辽岔山22  220.00       56.40009     14.80118      5640.01       0.0035937          0.0175596
   辽安岭22  220.00       49.37853     12.95850      4937.85       0.0034557          0.0202899
   辽白玉22  220.00       56.81501     14.91008      5681.50       0.0030071          0.0176299
   辽前牧22  220.00       68.15816     17.88688      6815.82       0.0024419          0.0147104
   辽甘井子  220.00       98.71448     25.90583      9871.45       0.0015461          0.0101968
   辽南关岭  220.00      109.78483     28.81104     10978.48       0.0013653          0.0091671
   辽凌水变  220.00       89.68102     23.53516      8968.10       0.0017349          0.0112213
   辽瓦房2   220.00      100.42615     26.35503     10042.62       0.0013107          0.0100857
   辽佟家变  220.00       62.08912     16.29417      6208.91       0.0033360          0.0159398
   辽宏亮22  220.00       74.32492     19.50523      7432.49       0.0025648          0.0133941
   辽普兰店  220.00       73.47825     19.28304      7347.82       0.0026908          0.0135242
   辽万宝22  220.00       71.93050     18.87686      7193.05       0.0024582          0.0139173
   辽金家22  220.00      103.98254     27.28834     10398.25       0.0016424          0.0096378
   辽庄河22  220.00       36.35888      9.54173      3635.89       0.0061833          0.0272032

*  分区"2F"中有  22个节点需要计算三相短路电流，具体结果如下：

   节点名称               短路电流     短路电流     短路容量     短路点等值电阻     短路点等值电抗
                            (pu)         (kA)         (MVA)           (pu)               (pu)
   辽营口热  220.00      105.88582     27.78782     10588.58       0.0012331          0.0096390
   辽钢铁变  220.00      134.47577     35.29074     13447.58       0.0008402          0.0077066
   辽望海22  220.00      185.22366     48.60860     18522.37       0.0006450          0.0055817
   辽营口厂  220.00      153.38821     40.25397     15338.82       0.0007872          0.0067848
   辽五环22  220.00      113.36919     29.75170     11336.92       0.0011764          0.0089914
   辽蟠龙22  220.00       83.48795     21.90990      8348.79       0.0018997          0.0120467
   辽仙人岛  220.00       83.90319     22.01888      8390.32       0.0019056          0.0121873
   辽京诚22  220.00      121.38689     31.85580     12138.69       0.0012792          0.0082941
   辽盖州22  220.00      175.73961     46.11969     17573.96       0.0007651          0.0057845
   辽范家22  220.00      183.58412     48.17834     18358.41       0.0006299          0.0056496
   辽蓝东22  220.00       89.69366     23.53848      8969.37       0.0017592          0.0113959
   辽熊岳22  220.00       86.57565     22.72021      8657.56       0.0019750          0.0117258
   辽东昌22  220.00      100.03477     26.25232     10003.48       0.0018858          0.0100199
   辽大石桥  220.00       94.36905     24.76545      9436.91       0.0016401          0.0106736
   辽博洛浦  220.00      142.38708     37.36692     14238.71       0.0010230          0.0071054
   辽镁都22  220.00      108.97058     28.59736     10897.06       0.0014489          0.0092385
   辽北海22  220.00      160.98659     42.24802     16098.66       0.0008646          0.0063576
   辽南海22  220.00      198.73703     52.15495     19873.70       0.0005653          0.0052141
   辽柳树22  220.00      138.07506     36.23531     13807.51       0.0011374          0.0072885
   辽滨海22  220.00       96.07505     25.21316      9607.50       0.0017765          0.0104812
   辽营口变  220.00      123.06886     32.29720     12306.89       0.0014214          0.0081483
   辽渤海22  220.00      215.88580     56.65533     21588.58       0.0005634          0.0047093

*  分区"2G"中有  19个节点需要计算三相短路电流，具体结果如下：

   节点名称               短路电流     短路电流     短路容量     短路点等值电阻     短路点等值电抗
                            (pu)         (kA)         (MVA)           (pu)               (pu)
   辽铧子22  220.00       77.45562     20.32683      7745.56       0.0019172          0.0130996
   辽襄平变  220.00      128.89537     33.82626     12889.54       0.0014312          0.0079717
   辽辽阳芳  220.00       84.04055     22.05492      8404.05       0.0018975          0.0121020
   辽辽化22  220.00       81.14008     21.29375      8114.01       0.0022122          0.0125412
   辽红阳热  220.00       60.49596     15.87607      6049.60       0.0035920          0.0168785
   辽首山22  220.00      127.90382     33.56605     12790.38       0.0011615          0.0079902
   辽峨嵋22  220.00       97.86892     25.68393      9786.89       0.0015217          0.0104105
   辽绣江22  220.00      112.84815     29.61496     11284.82       0.0012120          0.0090994
   辽铁西22  220.00      106.29338     27.89478     10629.34       0.0014854          0.0095959
   辽刘二堡  220.00      126.38701     33.16799     12638.70       0.0015470          0.0080960
   辽辽阳1D  220.00      143.50589     37.66053     14350.59       0.0013557          0.0071357
   辽弓长岭  220.00       71.23853     18.69527      7123.85       0.0022206          0.0142259
   辽耿家22  220.00       55.58873     14.58826      5558.87       0.0038150          0.0179897
   辽灯塔22  220.00      101.65894     26.67855     10165.89       0.0014422          0.0100185
   辽迎水寺  220.00      108.90474     28.58008     10890.47       0.0014710          0.0093418
   辽燕州22  220.00      131.49194     34.50769     13149.19       0.0010363          0.0077568
   辽兰家22  220.00      116.42876     30.55462     11642.88       0.0013520          0.0087422
   辽辽阳22  220.00      144.58632     37.94407     14458.63       0.0013625          0.0070790
   辽辽阳20  220.00      152.81979     40.10479     15281.98       0.0009008          0.0067119

*  分区"2H"中有  20个节点需要计算三相短路电流，具体结果如下：

   节点名称               短路电流     短路电流     短路容量     短路点等值电阻     短路点等值电抗
                            (pu)         (kA)         (MVA)           (pu)               (pu)
   辽太平哨  220.00       18.13717      4.75977      1813.72       0.0050304          0.0577973
   辽丹东热  220.00       74.22042     19.47781      7422.04       0.0013981          0.0140471
   辽长甸20  220.00       59.78260     15.68886      5978.26       0.0020725          0.0178767
   辽丹东22  220.00       80.23075     21.05511      8023.08       0.0014118          0.0129884
   辽太平湾  220.00       43.14290     11.32208      4314.29       0.0033649          0.0242236
   辽新兴22  220.00       75.51788     19.81830      7551.79       0.0016577          0.0137605
   辽双利变  220.00       26.52826      6.96186      2652.83       0.0067483          0.0379418
   辽浪头22  220.00       77.07945     20.22811      7707.95       0.0017906          0.0134232
   辽港城22  220.00       78.45037     20.58788      7845.04       0.0014870          0.0132668
   辽丹东1   220.00      129.92816     34.09730     12992.82       0.0007542          0.0079568
   辽长甸22  220.00       60.05552     15.76049      6005.55       0.0020744          0.0177956
   辽宽甸22  220.00       40.84560     10.71919      4084.56       0.0039154          0.0254815
   辽上善22  220.00       56.57763     14.84778      5657.76       0.0028435          0.0180270
   辽宫屯22  220.00       38.21412     10.02861      3821.41       0.0041506          0.0267218
   辽宝石山  220.00       65.54035     17.19988      6554.04       0.0022225          0.0155787
   辽水丰22  220.00       59.86278     15.70991      5986.28       0.0021029          0.0178900
   辽孔家22  220.00       75.22847     19.74235      7522.85       0.0018445          0.0137298
   辽凤城22  220.00       66.07644     17.34057      6607.64       0.0023524          0.0155621
   辽丹东变  220.00       85.12930     22.34065      8512.93       0.0016287          0.0121409
   辽丹东0   220.00      130.72804     34.30722     13072.80       0.0007568          0.0079083

*  分区"2I"中有  16个节点需要计算三相短路电流，具体结果如下：

   节点名称               短路电流     短路电流     短路容量     短路点等值电阻     短路点等值电抗
                            (pu)         (kA)         (MVA)           (pu)               (pu)
   辽燕山湖  220.00       86.71284     22.75622      8671.28       0.0015838          0.0118899
   辽万家风  220.00       15.60876      4.09624      1560.88       0.0098421          0.0679268
   辽保国老  220.00       24.82705      6.51541      2482.71       0.0067023          0.0418861
   辽柏山22  220.00       31.10326      8.16249      3110.33       0.0065859          0.0338663
   辽海丰22  220.00       50.86905     13.34966      5086.91       0.0031958          0.0204676
   辽奎德22  220.00       28.09417      7.37281      2809.42       0.0055633          0.0376642
   辽凌源22  220.00       42.37598     11.12081      4237.60       0.0058347          0.0246105
   辽发达22  220.00       46.39297     12.17500      4639.30       0.0040707          0.0225377
   辽建平22  220.00       53.32095     13.99312      5332.10       0.0038801          0.0196204
   辽喀左22  220.00       55.52769     14.57224      5552.77       0.0040980          0.0188579
   辽柳城22  220.00      108.55010     28.48701     10855.01       0.0014458          0.0095734
   辽马山22  220.00       95.47534     25.05578      9547.53       0.0017103          0.0108812
   辽龙城22  220.00       88.67369     23.27081      8867.37       0.0018962          0.0117049
   辽北票22  220.00       46.95071     12.32137      4695.07       0.0037397          0.0221154
   辽燕南22  220.00      110.77576     29.07110     11077.58       0.0014062          0.0093902
   辽何家22  220.00       70.50800     18.50355      7050.80       0.0024758          0.0148753

*  分区"2K"中有  22个节点需要计算三相短路电流，具体结果如下：

   节点名称               短路电流     短路电流     短路容量     短路点等值电阻     短路点等值电抗
                            (pu)         (kA)         (MVA)           (pu)               (pu)
   辽塘坊风  220.00       24.01137      6.30135      2401.14       0.0072740          0.0440891
   辽凌海风  220.00       35.93861      9.43144      3593.86       0.0055430          0.0294251
   辽老龙口  220.00       18.36693      4.82007      1836.69       0.0119207          0.0575294
   辽聚粮屯  220.00       32.40115      8.50310      3240.11       0.0068883          0.0325355
   辽义县22  220.00       56.06426     14.71305      5606.43       0.0032346          0.0189279
   辽锦州热  220.00       67.98151     17.84052      6798.15       0.0022566          0.0157188
   辽向阳22  220.00       88.07735     23.11431      8807.74       0.0020192          0.0120256
   辽黑山22  220.00       55.54803     14.57758      5554.80       0.0031448          0.0190326
   辽闾阳22  220.00       88.11743     23.12483      8811.74       0.0018686          0.0119404
   辽薛家22  220.00      106.58929     27.97243     10658.93       0.0016233          0.0099400
   辽港湾22  220.00       77.43998     20.32272      7744.00       0.0024066          0.0136907
   辽董家2D  220.00      111.80173     29.34035     11180.17       0.0011854          0.0095443
   辽董家22  220.00      120.04900     31.50469     12004.90       0.0011615          0.0088782
   辽董家20  220.00      112.30682     29.47290     11230.68       0.0011901          0.0094999
   辽董家1D  220.00      119.41673     31.33876     11941.67       0.0011567          0.0089271
   辽青堆子  220.00      109.59364     28.76087     10959.36       0.0014834          0.0095968
   辽凌河22  220.00       96.66850     25.36890      9666.85       0.0018497          0.0109509
   辽女儿河  220.00       91.10073     23.90774      9110.07       0.0021262          0.0115872
   辽锦州变  220.00       94.69791     24.85176      9469.79       0.0020268          0.0111432
   辽锦州20  220.00      128.93802     33.83746     12893.80       0.0011343          0.0082518
   辽南山22  220.00       90.73067     23.81063      9073.07       0.0019863          0.0116880
   辽锦州22  220.00      129.12872     33.88750     12912.87       0.0011368          0.0082392

*  分区"2J"中有  19个节点需要计算三相短路电流，具体结果如下：

   节点名称               短路电流     短路电流     短路容量     短路点等值电阻     短路点等值电抗
                            (pu)         (kA)         (MVA)           (pu)               (pu)
   辽彰东风  220.00       17.45751      4.58141      1745.75       0.0094247          0.0598663
   辽彰北风  220.00       15.44672      4.05371      1544.67       0.0092226          0.0679205
   辽彰武22  220.00       27.99243      7.34611      2799.24       0.0060554          0.0371306
   辽扎兰山  220.00       23.40797      6.14300      2340.80       0.0063354          0.0456611
   辽王营子  220.00       25.81256      6.77404      2581.26       0.0054539          0.0413273
   辽太平沟  220.00       39.70682     10.42034      3970.68       0.0053133          0.0266096
   辽阜新风  220.00       25.89673      6.79613      2589.67       0.0061004          0.0411926
   辽阜新0   220.00       41.77856     10.96403      4177.86       0.0034401          0.0255844
   辽阜新煤  220.00       41.80013     10.96969      4180.01       0.0034415          0.0255707
   辽煤制气  220.00       41.92565     11.00263      4192.56       0.0034411          0.0254927
   辽阿金22  220.00       50.78141     13.32666      5078.14       0.0028495          0.0210276
   辽金山22  220.00       64.47962     16.92151      6447.96       0.0019999          0.0166254
   辽阜西风  220.00       37.00300      9.71077      3700.30       0.0040660          0.0288255
   辽阜北风  220.00       26.20945      6.87820      2620.95       0.0050315          0.0408675
   辽松涛22  220.00       80.94308     21.24205      8094.31       0.0017618          0.0131812
   辽东梁22  220.00       82.14531     21.55755      8214.53       0.0016605          0.0130038
   辽阜新22  220.00       91.00010     23.88133      9100.01       0.0015399          0.0117135
   辽六家22  220.00       85.78329     22.51228      8578.33       0.0017676          0.0123996
   辽水泉22  220.00       89.58954     23.51116      8958.95       0.0017364          0.0118615

*  分区"2L"中有  21个节点需要计算三相短路电流，具体结果如下：

   节点名称               短路电流     短路电流     短路容量     短路点等值电阻     短路点等值电抗
                            (pu)         (kA)         (MVA)           (pu)               (pu)
   辽永陵22  220.00       12.47898      3.27488      1247.90       0.0184761          0.0799107
   辽抚顺0   220.00       30.41730      7.98247      3041.73       0.0034083          0.0345704
   辽抚顺热  220.00       30.25303      7.93936      3025.30       0.0035096          0.0351037
   辽东方厂  220.00       48.60648     12.75589      4860.65       0.0035656          0.0210603
   辽能港22  220.00       69.38769     18.20955      6938.77       0.0021540          0.0149064
   辽顺化22  220.00       85.64064     22.47484      8564.06       0.0020770          0.0119360
   辽中寨22  220.00       22.05897      5.78898      2205.90       0.0099255          0.0455751
   辽顺阳22  220.00      109.13331     28.64007     10913.33       0.0015162          0.0093988
   辽河北22  220.00       82.26805     21.58977      8226.81       0.0021218          0.0124426
   辽和平22  220.00       93.58108     24.55866      9358.11       0.0018303          0.0109472
   辽工农22  220.00       80.40779     21.10157      8040.78       0.0022215          0.0127147
   辽友爱22  220.00      101.42001     26.61585     10142.00       0.0016160          0.0101307
   辽李石寨  220.00      118.12634     31.00013     11812.63       0.0014223          0.0086742
   辽辽宁电  220.00       79.64893     20.90242      7964.89       0.0021089          0.0128878
   辽元龙20  220.00       87.71077     23.01811      8771.08       0.0019925          0.0116599
   辽元龙22  220.00       87.83075     23.04959      8783.08       0.0019928          0.0116435
   辽柳林22  220.00       76.78084     20.14975      7678.08       0.0022390          0.0133431
   辽胜利22  220.00      118.76348     31.16733     11876.35       0.0013703          0.0086393
   辽乾武22  220.00      123.49435     32.40886     12349.44       0.0013336          0.0083034
   辽兰新22  220.00       86.59206     22.72452      8659.21       0.0019717          0.0118206
   辽抚顺变  220.00      144.48306     37.91697     14448.31       0.0010580          0.0071205


*  分区"2N"中有  14个节点需要计算三相短路电流，具体结果如下：

   节点名称               短路电流     短路电流     短路容量     短路点等值电阻     短路点等值电抗
                            (pu)         (kA)         (MVA)           (pu)               (pu)
   辽盘锦热  220.00       66.47720     17.44574      6647.72       0.0023096          0.0159128
   辽新立22  220.00       73.49778     19.28817      7349.78       0.0021878          0.0143568
   辽天河22  220.00       93.51253     24.54067      9351.25       0.0018327          0.0112133
   辽盘山22  220.00       75.92747     19.92579      7592.75       0.0025643          0.0136834
   辽北宁2D  220.00      152.14874     39.92869     15214.88       0.0007829          0.0069364
   辽北宁1D  220.00      152.13252     39.92443     15213.25       0.0007831          0.0069378
   辽双台22  220.00       84.75546     22.24254      8475.55       0.0022484          0.0122587
   辽田庄22  220.00       64.54844     16.93957      6454.84       0.0025115          0.0163185
   辽辽河22  220.00       55.93850     14.68005      5593.85       0.0030087          0.0188069
   辽鹤乡22  220.00       62.58891     16.42533      6258.89       0.0025966          0.0168378
   辽兴隆台  220.00       88.46094     23.21498      8846.09       0.0019790          0.0118703
   辽南环22  220.00       91.87846     24.11184      9187.85       0.0018881          0.0114328
   辽北宁22  220.00      153.26888     40.22265     15326.89       0.0007865          0.0068855
   辽曙光22  220.00      101.30248     26.58501     10130.25       0.0016740          0.0103673

*  分区"1A"中有  10个节点需要计算三相短路电流，具体结果如下：

   节点名称               短路电流     短路电流     短路容量     短路点等值电阻     短路点等值电抗
                            (pu)         (kA)         (MVA)           (pu)               (pu)
   辽高岭52  500.00      176.43640     20.37312     17643.64       0.0007609          0.0058881
   辽高岭51  500.00      176.43639     20.37312     17643.64       0.0007609          0.0058881
   辽高岭54  500.00      167.64795     19.35832     16764.79       0.0007543          0.0058936
   辽高岭53  500.00      167.64793     19.35832     16764.79       0.0007543          0.0058936
   辽绥中50  500.00      202.95950     23.43575     20295.95       0.0006830          0.0057602
   辽绥中51  500.00      199.38098     23.02253     19938.10       0.0006777          0.0057432
   辽高岭50  500.00      188.25647     21.73799     18825.65       0.0007543          0.0057936
   辽高沙甲  500.00      170.19322     19.65222     17019.32       0.0007532          0.0058448
   辽沙河2   500.00      221.35197     25.55952     22135.20       0.0005931          0.0047111
   辽沙河1   500.00      225.77878     26.07069     22577.88       0.0005919          0.0046247

*  分区"1P"中有  15个节点需要计算三相短路电流，具体结果如下：

   节点名称               短路电流     短路电流     短路容量     短路点等值电阻     短路点等值电抗
                            (pu)         (kA)         (MVA)           (pu)               (pu)
   辽清河厂  500.00       85.14264      9.83142      8514.26       0.0009349          0.0124161
   辽康平高  500.00      106.12821     12.25463     10612.82       0.0006511          0.0099843
   辽康平50  500.00      107.18186     12.37630     10718.19       0.0006512          0.0098870
   辽蒲河51  500.00      356.56058     41.17207     35656.06       0.0003630          0.0029568
   辽沙岭2B  500.00      353.77859     40.85083     35377.86       0.0003759          0.0029670
   辽沙岭1B  500.00      353.60971     40.83133     35360.97       0.0003759          0.0029686
   辽辽中51  500.00      218.07297     25.18090     21807.30       0.0005562          0.0048436
   辽辽中50  500.00      218.62288     25.24440     21862.29       0.0005560          0.0048305
   辽科沙线  500.00      354.02765     40.87959     35402.76       0.0003754          0.0029652
   辽科沙0   500.00      352.94495     40.75457     35294.50       0.0003747          0.0029746
   辽沈东50  500.00      275.00885     31.75529     27500.88       0.0004204          0.0038282
   辽沙岭51  500.00      363.84018     42.01265     36384.02       0.0003748          0.0028843
   辽沙岭50  500.00      364.99942     42.14650     36499.94       0.0003756          0.0028749
   辽蒲河50  500.00      366.06738     42.26982     36606.74       0.0003640          0.0028788
   辽辽中变  500.00      221.39207     25.56416     22139.21       0.0005562          0.0047692

*  分区"1D"中有  13个节点需要计算三相短路电流，具体结果如下：

   节点名称               短路电流     短路电流     短路容量     短路点等值电阻     短路点等值电抗
                            (pu)         (kA)         (MVA)           (pu)               (pu)
   辽王石51  500.00      348.25272     40.21276     34825.27       0.0003910          0.0029774
   辽穆家51  500.00      251.42683     29.03227     25142.68       0.0004031          0.0042007
   辽穆家54  500.00      250.07465     28.87613     25007.46       0.0004106          0.0042030
   辽穆家53  500.00      250.07465     28.87613     25007.46       0.0004106          0.0042030
   辽穆家52  500.00      250.07465     28.87613     25007.46       0.0004106          0.0042030
   辽穆家50  500.00      257.39810     29.72177     25739.81       0.0004106          0.0041030
   辽王石K1  500.00      351.19666     40.55270     35119.66       0.0003905          0.0029524
   辽王石2B  500.00      349.17242     40.31896     34917.24       0.0003925          0.0029687
   辽王石1B  500.00      349.14569     40.31587     34914.57       0.0003925          0.0029690
   辽鞍山3B  500.00      327.50781     37.81734     32750.78       0.0003943          0.0031542
   辽鞍山1B  500.00      327.50922     37.81751     32750.92       0.0003943          0.0031541
   辽鞍山50  500.00      340.36060     39.30146     34036.06       0.0003929          0.0030659
   辽王石50  500.00      360.59888     41.63837     36059.89       0.0003910          0.0028774

*  分区"1N"中有  13个节点需要计算三相短路电流，具体结果如下：

   节点名称               短路电流     短路电流     短路容量     短路点等值电阻     短路点等值电抗
                            (pu)         (kA)         (MVA)           (pu)               (pu)
   吉双辽厂  500.00       91.74560     10.59387      9174.56       0.0008607          0.0116005
   吉通丰丰  500.00      199.08856     22.98877     19908.86       0.0005203          0.0053806
   吉蒲梨梨  500.00      207.31535     23.93872     20731.54       0.0004435          0.0051047
   吉蒲梨0   500.00      207.16675     23.92156     20716.67       0.0004435          0.0051084
   吉梨树2B  500.00      206.29218     23.82057     20629.22       0.0004441          0.0051301
   吉梨树1B  500.00      206.29034     23.82036     20629.04       0.0004441          0.0051302
   吉梨金10  500.00      207.99193     24.01684     20799.19       0.0004430          0.0050879
   吉东丰3B  500.00      199.11842     22.99221     19911.84       0.0005209          0.0053800
   吉东丰2B  500.00      199.11684     22.99203     19911.68       0.0005209          0.0053800
   吉东丰1B  500.00      197.50085     22.80544     19750.09       0.0005206          0.0054246
   吉东丰51  500.00      200.68999     23.17368     20069.00       0.0005202          0.0053379
   吉梨树50  500.00      209.90352     24.23757     20990.35       0.0004434          0.0050414
   吉东丰50  500.00      202.36661     23.36728     20236.66       0.0005206          0.0052931

*  分区"1O"中有   7个节点需要计算三相短路电流，具体结果如下：

   节点名称               短路电流     短路电流     短路容量     短路点等值电阻     短路点等值电抗
                            (pu)         (kA)         (MVA)           (pu)               (pu)
   辽徐家1B  500.00      306.05231     35.33988     30605.23       0.0004262          0.0034079
   辽程家3B  500.00      222.94475     25.74344     22294.47       0.0004873          0.0046806
   辽程家1B  500.00      222.91472     25.73997     22291.47       0.0004871          0.0046808
   吉丰徐徐  500.00      306.48279     35.38958     30648.28       0.0004251          0.0034032
   吉丰徐0   500.00      306.64752     35.40861     30664.75       0.0004245          0.0034015
   辽程家50  500.00      227.18661     26.23325     22718.66       0.0004861          0.0045929
   辽徐家50  500.00      314.21515     36.28244     31421.52       0.0004252          0.0033184

*  分区"2D"中有   1个节点需要计算三相短路电流，具体结果如下：

   节点名称               短路电流     短路电流     短路容量     短路点等值电阻     短路点等值电抗
                            (pu)         (kA)         (MVA)           (pu)               (pu)
   辽铁岭厂  500.00      155.90346     18.00218     15590.35       0.0006204          0.0067776

*  分区"2E"中有  18个节点需要计算三相短路电流，具体结果如下：

   节点名称               短路电流     短路电流     短路容量     短路点等值电阻     短路点等值电抗
                            (pu)         (kA)         (MVA)           (pu)               (pu)
   辽黄海0   500.00      164.96413     19.04842     16496.41       0.0005466          0.0063962
   辽红沿0   500.00      222.34277     25.67393     22234.28       0.0004366          0.0046821
   辽庄河厂  500.00      154.86188     17.88191     15486.19       0.0005575          0.0068255
   辽庄黄庄  500.00      154.33919     17.82155     15433.92       0.0005595          0.0068475
   辽雁水2B  500.00      129.62221     14.96748     12962.22       0.0010383          0.0079348
   辽瓦房店  500.00      256.07834     29.56938     25607.83       0.0004396          0.0040601
   辽瓦房4   500.00      254.92938     29.43671     25492.94       0.0004414          0.0040778
   辽瓦房1   500.00      254.92783     29.43653     25492.78       0.0004415          0.0040779
   辽南关5   500.00      136.91254     15.80930     13691.25       0.0009887          0.0075177
   辽南关2   500.00      136.92851     15.81114     13692.85       0.0009887          0.0075167
   辽金家1B  500.00      170.90645     19.73458     17090.64       0.0007817          0.0060670
   辽黄金＃  500.00      170.58080     19.69698     17058.08       0.0007794          0.0060789
   辽雁水50  500.00      130.99998     15.12658     13100.00       0.0010370          0.0078507
   辽南关1   500.00      138.35558     15.97593     13835.56       0.0009880          0.0074385
   辽金家50  500.00      173.33243     20.01470     17333.24       0.0007786          0.0059816
   辽金家51  500.00      172.40630     19.90776     17240.63       0.0007815          0.0060136
   辽黄海变  500.00      167.54295     19.34619     16754.29       0.0005467          0.0062979
   辽瓦房0   500.00      260.88803     30.12476     26088.80       0.0004396          0.0039841

*  分区"2F"中有  10个节点需要计算三相短路电流，具体结果如下：

   节点名称               短路电流     短路电流     短路容量     短路点等值电阻     短路点等值电抗
                            (pu)         (kA)         (MVA)           (pu)               (pu)
   辽渤南线  500.00      335.13998     38.69863     33514.00       0.0003342          0.0030885
   辽营口0   500.00      282.90906     32.66753     28290.91       0.0003680          0.0036713
   辽渤瓦20  500.00      336.22983     38.82447     33622.98       0.0003343          0.0030788
   辽渤海变  500.00      323.78006     37.38690     32378.01       0.0003370          0.0031981
   辽渤瓦10  500.00      333.99252     38.56614     33399.25       0.0003368          0.0030990
   辽渤海52  500.00      337.18665     38.93496     33718.66       0.0003347          0.0030705
   辽南海51  500.00      284.61115     32.86406     28461.11       0.0003720          0.0036445
   辽南海50  500.00      284.22653     32.81965     28422.65       0.0003736          0.0036495
   辽渤海51  500.00      343.54047     39.66864     34354.05       0.0003366          0.0030117
   辽渤海50  500.00      346.13971     39.96877     34613.97       0.0003343          0.0029895

*  分区"2G"中有   6个节点需要计算三相短路电流，具体结果如下：

   节点名称               短路电流     短路电流     短路容量     短路点等值电阻     短路点等值电抗
                            (pu)         (kA)         (MVA)           (pu)               (pu)
   辽辽阳1B  500.00      362.40799     41.84727     36240.80       0.0003844          0.0028758
   辽辽阳50  500.00      371.22061     42.86486     37122.06       0.0003831          0.0028045
   辽辽阳53  500.00      372.90894     43.05982     37290.89       0.0003829          0.0027908
   辽燕州50  500.00      295.19537     34.08623     29519.54       0.0004581          0.0035238
   辽辽阳52  500.00      373.65381     43.14583     37365.38       0.0003835          0.0027842
   辽辽阳51  500.00      376.24313     43.44482     37624.31       0.0003823          0.0027621

*  分区"2H"中有   3个节点需要计算三相短路电流，具体结果如下：

   节点名称               短路电流     短路电流     短路容量     短路点等值电阻     短路点等值电抗
                            (pu)         (kA)         (MVA)           (pu)               (pu)
   辽蒲石河  500.00      105.04690     12.12977     10504.69       0.0008948          0.0100267
   辽丹东2   500.00      186.89433     21.58070     18689.43       0.0005209          0.0056360
   辽丹东北  500.00      189.52609     21.88459     18952.61       0.0005208          0.0055574

*  分区"2I"中有   2个节点需要计算三相短路电流，具体结果如下：

   节点名称               短路电流     短路电流     短路容量     短路点等值电阻     短路点等值电抗
                            (pu)         (kA)         (MVA)           (pu)               (pu)
   辽燕山0   500.00      189.42775     21.87323     18942.78       0.0006050          0.0055563
   辽燕南50  500.00      205.75621     23.75868     20575.62       0.0005927          0.0051158

*  分区"2K"中有  10个节点需要计算三相短路电流，具体结果如下：

   节点名称               短路电流     短路电流     短路容量     短路点等值电阻     短路点等值电抗
                            (pu)         (kA)         (MVA)           (pu)               (pu)
   辽燕董董  500.00      278.98294     32.21418     27898.29       0.0004592          0.0037420
   辽燕董0   500.00      279.54431     32.27900     27954.43       0.0004586          0.0037347
   辽沙董董  500.00      281.03592     32.45123     28103.59       0.0004593          0.0037137
   辽董家2B  500.00      277.60510     32.05508     27760.51       0.0004597          0.0037614
   辽董家1B  500.00      278.08310     32.11027     27808.31       0.0004596          0.0037546
   辽董北董  500.00      283.19952     32.70107     28319.95       0.0004585          0.0036854
   辽董家53  500.00      285.41757     32.95718     28541.76       0.0004587          0.0036557
   辽董家50  500.00      284.78546     32.88419     28478.55       0.0004592          0.0036637
   辽董家52  500.00      284.32446     32.83096     28432.45       0.0004593          0.0036699
   辽董家51  500.00      286.87943     33.12598     28687.94       0.0004588          0.0036364


*  分区"2L"中有   1个节点需要计算三相短路电流，具体结果如下：

   节点名称               短路电流     短路电流     短路容量     短路点等值电阻     短路点等值电抗
                            (pu)         (kA)         (MVA)           (pu)               (pu)
   辽抚顺1   500.00      283.06946     32.68605     28306.95       0.0004397          0.0037063


*  分区"2N"中有   7个节点需要计算三相短路电流，具体结果如下：

   节点名称               短路电流     短路电流     短路容量     短路点等值电阻     短路点等值电抗
                            (pu)         (kA)         (MVA)           (pu)               (pu)
   辽青北北  500.00      284.99692     32.90861     28499.69       0.0004185          0.0036983
   辽青北0   500.00      285.00076     32.90905     28500.07       0.0004185          0.0036983
   辽北宁51  500.00      285.38806     32.95377     28538.80       0.0004192          0.0036934
   辽北宁2B  500.00      285.07306     32.91740     28507.30       0.0004190          0.0036967
   辽北宁1B  500.00      285.07364     32.91747     28507.37       0.0004190          0.0036967
   辽北辽中  500.00      112.30067     12.96736     11230.07       0.0009927          0.0095256
   辽北宁50  500.00      291.75183     33.68860     29175.18       0.0004190          0.0036106


SWING CASE: lf510      POWERFLOW CASE: LF510      **** CASE PROCESSING SUMMARY ****                            Date: 2014-10-27



THERE WERE   0 INFORMATION ERRORS
            18 WARNING ERROR(S)
             0 FATAL ERROR(S)
       AND   0 ABORT ERROR(S)


  * * * ERROR MESSAGES ENCOUNTERED * * *


*** WARNING   CASE卡29列非零，潮流中节点有功出力不为0，稳定中没有找到对应的有效数据（发电机、LN），作为负荷处理（等效于LN卡）。
*** WARNING   ML 吉北正0  35.     2. .50116     .02  .1834991  .02  .12         .85         S1
*** WARNING   该卡中节点的负荷等于0或者小于0，忽略此ML卡。
*** WARNING   ML 吉那木1  35.     2. .50116     .02  .1834991  .02  .12         .85         S1
*** WARNING   该卡中节点的负荷等于0或者小于0，忽略此ML卡。
*** WARNING   ML 吉双龙1  35.     2. .50116     .02  .1834991  .02  .12         .85         S1
*** WARNING   该卡中节点的负荷等于0或者小于0，忽略此ML卡。
*** WARNING   ML 吉王子0  35.     2. .50116     .02  .1834991  .02  .12         .85         S1
*** WARNING   该卡中节点的负荷等于0或者小于0，忽略此ML卡。
*** WARNING   ML 吉王子1  35.     2. .50116     .02  .1834991  .02  .12         .85         S1
*** WARNING   该卡中节点的负荷等于0或者小于0，忽略此ML卡。
*** WARNING   ML 吉王子2  35.     2. .50116     .02  .1834991  .02  .12         .85         S1
*** WARNING   该卡中节点的负荷等于0或者小于0，忽略此ML卡。
*** WARNING   ML 吉鑫丰0  35.     2. .50116     .02  .1834991  .02  .12         .85         S1
*** WARNING   该卡中节点的负荷等于0或者小于0，忽略此ML卡。
*** WARNING   ML 吉鑫丰1  35.     2. .50116     .02  .1834991  .02  .12         .85         S1
*** WARNING   该卡中节点的负荷等于0或者小于0，忽略此ML卡。
*** WARNING   ML 吉鑫丰2  35.     2. .50116     .02  .1834991  .02  .12         .85         S1
*** WARNING   该卡中节点的负荷等于0或者小于0，忽略此ML卡。
*** WARNING   ML 吉秀水0  35.     2. .50116     .02  .1834991  .02  .12         .85         S1
*** WARNING   该卡中节点的负荷等于0或者小于0，忽略此ML卡。
*** WARNING        PROGRAM WILL FILTER BUS FREQUENCY USING A TIME CONSTANT OF .0100 SECONDS.
*** WARNING   稳定数据中的零序数据XO\XR\LO\LO+\LM，如果潮流没有对应支路或节点，将自动删除。（DEBUG卡49列填1可显示详细提示信息）
*** WARNING   稳定数据中的发电机、马达，如果潮流中有功出力为0或不存在，将自动删除。（DEBUG卡48列填1可显示详细提示信息）
*** WARNING   发电机"俄等值50 500.0 "是无穷大节点。
*** WARNING   发电机"华北等0  500.0 "是无穷大节点。
*** WARNING   5
*** WARNING   程序不能识别此数据卡，该卡的填写位置可能不正确。
*** WARNING   潮流中节点"蒙东大A    0.3"部分有功无功出力缺省作为负荷处理。
